#
# A fatal error has been detected by the Java Runtime Environment:
#
#  Internal Error (classFileParser.cpp:3494), pid=4396, tid=3872
#  Error: ShouldNotReachHere()
#
# JRE version: 6.0_25-b06
# Java VM: Java HotSpot(TM) Client VM (20.0-b11 mixed mode windows-x86 )
# If you would like to submit a bug report, please visit:
#   http://java.sun.com/webapps/bugreport/crash.jsp
#

---------------  T H R E A D  ---------------

Current thread (0x00349c00):  JavaThread "Unknown thread" [_thread_in_vm, id=3872, stack(0x00390000,0x003e0000)]

Stack: [0x00390000,0x003e0000],  sp=0x003df86c,  free space=318k
Native frames: (J=compiled Java code, j=interpreted, Vv=VM code, C=native code)
V  [jvm.dll+0x13363a]
V  [jvm.dll+0x12e59b]
V  [jvm.dll+0x164ce]
V  [jvm.dll+0x17cff]
V  [jvm.dll+0x26de5]
V  [jvm.dll+0x27626]
V  [jvm.dll+0x279d5]
V  [jvm.dll+0x27a69]
V  [jvm.dll+0x27b2c]
V  [jvm.dll+0x27baa]
V  [jvm.dll+0x27c8d]
V  [jvm.dll+0x27f59]
V  [jvm.dll+0x6c593]
V  [jvm.dll+0x6c96c]
V  [jvm.dll+0xf9c1c]
V  [jvm.dll+0x1184bb]
V  [jvm.dll+0x9eba0]
C  [javaw.exe+0x1657]
C  [javaw.exe+0x1e2c]
C  [javaw.exe+0x8614]
C  [kernel32.dll+0x51114]  BaseThreadInitThunk+0x12
C  [ntdll.dll+0x5b299]  RtlInitializeExceptionChain+0x63
C  [ntdll.dll+0x5b26c]  RtlInitializeExceptionChain+0x36


---------------  P R O C E S S  ---------------

Java Threads: ( => current thread )

Other Threads:

=>0x00349c00 (exited) JavaThread "Unknown thread" [_thread_in_vm, id=3872, stack(0x00390000,0x003e0000)]

VM state:not at safepoint (not fully initialized)

VM Mutex/Monitor currently owned by a thread: None

Dynamic libraries:
0x00400000 - 0x00424000 	C:\Program Files\Java\jdk6\bin\javaw.exe
0x77cc0000 - 0x77dfc000 	C:\Windows\SYSTEM32\ntdll.dll
0x76090000 - 0x76164000 	C:\Windows\system32\kernel32.dll
0x75c70000 - 0x75cba000 	C:\Windows\system32\KERNELBASE.dll
0x76290000 - 0x76330000 	C:\Windows\system32\ADVAPI32.dll
0x76600000 - 0x766ac000 	C:\Windows\system32\msvcrt.dll
0x76330000 - 0x76349000 	C:\Windows\SYSTEM32\sechost.dll
0x761d0000 - 0x76271000 	C:\Windows\system32\RPCRT4.dll
0x76a20000 - 0x76ae9000 	C:\Windows\system32\USER32.dll
0x769d0000 - 0x76a1e000 	C:\Windows\system32\GDI32.dll
0x76170000 - 0x7617a000 	C:\Windows\system32\LPK.dll
0x76560000 - 0x765fd000 	C:\Windows\system32\USP10.dll
0x766b0000 - 0x766cf000 	C:\Windows\system32\IMM32.DLL
0x76840000 - 0x7690c000 	C:\Windows\system32\MSCTF.dll
0x7c340000 - 0x7c396000 	C:\Program Files\Java\jdk6\jre\bin\msvcr71.dll
0x6d8a0000 - 0x6db4f000 	C:\Program Files\Java\jdk6\jre\bin\client\jvm.dll
0x75b40000 - 0x75b72000 	C:\Windows\system32\WINMM.dll
0x6d850000 - 0x6d85c000 	C:\Program Files\Java\jdk6\jre\bin\verify.dll
0x6d3d0000 - 0x6d3ef000 	C:\Program Files\Java\jdk6\jre\bin\java.dll
0x76280000 - 0x76285000 	C:\Windows\system32\PSAPI.DLL
0x6d890000 - 0x6d89f000 	C:\Program Files\Java\jdk6\jre\bin\zip.dll

VM Arguments:
jvm_args: -Dfile.encoding=UTF-8 -Xbootclasspath:F:\Android\android-sdk\platforms\android-8\android.jar 
java_command: com.aliyun.LuooFm.HtmlGetter
Launcher Type: SUN_STANDARD

Environment Variables:
JAVA_HOME=C:\Program Files\Java\jdk6
JRE_HOME=C:\Program Files\Java\jre6;C:\Program Files\Java\jdk1.6.0_25
CLASSPATH=C:\Program Files\Java\jre7\lib\ext\QTJava.zip
PATH=C:/Program Files/Java/jdk6/bin/../jre/bin/client;C:/Program Files/Java/jdk6/bin/../jre/bin;C:/Program Files/Java/jdk6/bin/../jre/lib/i386;C:\Program Files\Java\jdk6\bin;D:\Program Files\MATLAB\MATLAB Compiler Runtime\v714\runtime\win32;c:/windows/;c:/windows/system32;F:\BMSwork\apache-maven-3.0.4\bin;c:\Python27\;C:\Users\Administrator\AppData\Roaming\npm;C:\Program Files\nodejs\;C:\Program Files\QuickTime\QTSystem\;C:\Program Files\Common Files\Ulead Systems\MPEG;C:\Program Files\Common Files\TTKN\Bin;C:\Python27\Scripts;C:\Program Files\Nmap;E:\Program Files\eclipse;
USERNAME=Administrator
OS=Windows_NT
PROCESSOR_IDENTIFIER=x86 Family 6 Model 23 Stepping 10, GenuineIntel



---------------  S Y S T E M  ---------------

OS: Windows 7 Build 7600 

CPU:total 2 (2 cores per cpu, 1 threads per core) family 6 model 23 stepping 10, cmov, cx8, fxsr, mmx, sse, sse2, sse3, ssse3

Memory: 4k page, physical 3144984k(1036600k free), swap 6289968k(3535200k free)

vm_info: Java HotSpot(TM) Client VM (20.0-b11) for windows-x86 JRE (1.6.0_25-b06), built on Apr 14 2011 01:04:32 by "java_re" with MS VC++ 7.1 (VS2003)

time: Mon Jul 30 02:09:49 2012
elapsed time: 0 seconds

